[15-Jun-2025 17:51:50 Europe/Berlin] Regular availability for Doctor 1: Array
(
    [0] => Array
        (
            [day_of_week] => 3
            [start_time] => 09:00:00
            [end_time] => 17:00:00
        )

    [1] => Array
        (
            [day_of_week] => 4
            [start_time] => 09:00:00
            [end_time] => 17:00:00
        )

    [2] => Array
        (
            [day_of_week] => 5
            [start_time] => 09:00:00
            [end_time] => 17:00:00
        )

    [3] => Array
        (
            [day_of_week] => 1
            [start_time] => 09:00:00
            [end_time] => 17:00:00
        )

    [4] => Array
        (
            [day_of_week] => 2
            [start_time] => 09:00:00
            [end_time] => 17:00:00
        )

    [5] => Array
        (
            [day_of_week] => 3
            [start_time] => 09:00:00
            [end_time] => 17:00:00
        )

    [6] => Array
        (
            [day_of_week] => 4
            [start_time] => 09:00:00
            [end_time] => 17:00:00
        )

    [7] => Array
        (
            [day_of_week] => 5
            [start_time] => 09:00:00
            [end_time] => 17:00:00
        )

)

[15-Jun-2025 17:51:50 Europe/Berlin] Error in get_available_dates.php: Unknown column 'IsAvailable' in 'field list'
[15-Jun-2025 17:51:50 Europe/Berlin] Regular availability for Doctor 1: Array
(
    [0] => Array
        (
            [day_of_week] => 3
            [start_time] => 09:00:00
            [end_time] => 17:00:00
        )

    [1] => Array
        (
            [day_of_week] => 4
            [start_time] => 09:00:00
            [end_time] => 17:00:00
        )

    [2] => Array
        (
            [day_of_week] => 5
            [start_time] => 09:00:00
            [end_time] => 17:00:00
        )

    [3] => Array
        (
            [day_of_week] => 1
            [start_time] => 09:00:00
            [end_time] => 17:00:00
        )

    [4] => Array
        (
            [day_of_week] => 2
            [start_time] => 09:00:00
            [end_time] => 17:00:00
        )

    [5] => Array
        (
            [day_of_week] => 3
            [start_time] => 09:00:00
            [end_time] => 17:00:00
        )

    [6] => Array
        (
            [day_of_week] => 4
            [start_time] => 09:00:00
            [end_time] => 17:00:00
        )

    [7] => Array
        (
            [day_of_week] => 5
            [start_time] => 09:00:00
            [end_time] => 17:00:00
        )

)

[15-Jun-2025 17:51:50 Europe/Berlin] Error in get_available_dates.php: Unknown column 'IsAvailable' in 'field list'
[15-Jun-2025 17:58:29 Europe/Berlin] Regular availability for Doctor 1: Array
(
    [0] => Array
        (
            [day_of_week] => 3
            [start_time] => 09:00:00
            [end_time] => 17:00:00
        )

    [1] => Array
        (
            [day_of_week] => 4
            [start_time] => 09:00:00
            [end_time] => 17:00:00
        )

    [2] => Array
        (
            [day_of_week] => 5
            [start_time] => 09:00:00
            [end_time] => 17:00:00
        )

    [3] => Array
        (
            [day_of_week] => 1
            [start_time] => 09:00:00
            [end_time] => 17:00:00
        )

    [4] => Array
        (
            [day_of_week] => 2
            [start_time] => 09:00:00
            [end_time] => 17:00:00
        )

    [5] => Array
        (
            [day_of_week] => 3
            [start_time] => 09:00:00
            [end_time] => 17:00:00
        )

    [6] => Array
        (
            [day_of_week] => 4
            [start_time] => 09:00:00
            [end_time] => 17:00:00
        )

    [7] => Array
        (
            [day_of_week] => 5
            [start_time] => 09:00:00
            [end_time] => 17:00:00
        )

)

[15-Jun-2025 17:58:29 Europe/Berlin] Error in get_available_dates.php: Unknown column 'IsAvailable' in 'field list'
[15-Jun-2025 18:01:39 Europe/Berlin] Regular availability for Doctor 1: Array
(
    [0] => Array
        (
            [day_of_week] => 3
            [start_time] => 09:00:00
            [end_time] => 17:00:00
        )

    [1] => Array
        (
            [day_of_week] => 4
            [start_time] => 09:00:00
            [end_time] => 17:00:00
        )

    [2] => Array
        (
            [day_of_week] => 5
            [start_time] => 09:00:00
            [end_time] => 17:00:00
        )

    [3] => Array
        (
            [day_of_week] => 1
            [start_time] => 09:00:00
            [end_time] => 17:00:00
        )

    [4] => Array
        (
            [day_of_week] => 2
            [start_time] => 09:00:00
            [end_time] => 17:00:00
        )

    [5] => Array
        (
            [day_of_week] => 3
            [start_time] => 09:00:00
            [end_time] => 17:00:00
        )

    [6] => Array
        (
            [day_of_week] => 4
            [start_time] => 09:00:00
            [end_time] => 17:00:00
        )

    [7] => Array
        (
            [day_of_week] => 5
            [start_time] => 09:00:00
            [end_time] => 17:00:00
        )

)

[15-Jun-2025 18:01:39 Europe/Berlin] Error in get_available_dates.php: Unknown column 'IsAvailable' in 'field list'
[15-Jun-2025 18:04:53 Europe/Berlin] Regular availability for Doctor 1: Array
(
    [0] => Array
        (
            [day_of_week] => 3
            [start_time] => 09:00:00
            [end_time] => 17:00:00
        )

    [1] => Array
        (
            [day_of_week] => 4
            [start_time] => 09:00:00
            [end_time] => 17:00:00
        )

    [2] => Array
        (
            [day_of_week] => 5
            [start_time] => 09:00:00
            [end_time] => 17:00:00
        )

    [3] => Array
        (
            [day_of_week] => 1
            [start_time] => 09:00:00
            [end_time] => 17:00:00
        )

    [4] => Array
        (
            [day_of_week] => 2
            [start_time] => 09:00:00
            [end_time] => 17:00:00
        )

    [5] => Array
        (
            [day_of_week] => 3
            [start_time] => 09:00:00
            [end_time] => 17:00:00
        )

    [6] => Array
        (
            [day_of_week] => 4
            [start_time] => 09:00:00
            [end_time] => 17:00:00
        )

    [7] => Array
        (
            [day_of_week] => 5
            [start_time] => 09:00:00
            [end_time] => 17:00:00
        )

)

[15-Jun-2025 18:04:53 Europe/Berlin] Error in get_available_dates.php: Unknown column 'IsAvailable' in 'field list'
[15-Jun-2025 18:05:02 Europe/Berlin] Regular availability for Doctor 8: Array
(
)

[15-Jun-2025 18:05:02 Europe/Berlin] Error in get_available_dates.php: Unknown column 'IsAvailable' in 'field list'
[15-Jun-2025 18:05:59 Europe/Berlin] Error in get_available_dates.php: Unknown column 'IsAvailable' in 'field list'
[15-Jun-2025 18:06:05 Europe/Berlin] Error in get_available_dates.php: Unknown column 'IsAvailable' in 'field list'
[15-Jun-2025 18:06:06 Europe/Berlin] Error in get_available_dates.php: Unknown column 'IsAvailable' in 'field list'
[15-Jun-2025 18:06:09 Europe/Berlin] Error in get_available_dates.php: Unknown column 'IsAvailable' in 'field list'
[15-Jun-2025 18:06:10 Europe/Berlin] Error in get_available_dates.php: Unknown column 'IsAvailable' in 'field list'
[15-Jun-2025 18:06:12 Europe/Berlin] Error in get_available_dates.php: Unknown column 'IsAvailable' in 'field list'
[15-Jun-2025 18:06:12 Europe/Berlin] Error in get_available_dates.php: Unknown column 'IsAvailable' in 'field list'
[15-Jun-2025 18:06:13 Europe/Berlin] Error in get_available_dates.php: Unknown column 'IsAvailable' in 'field list'
[15-Jun-2025 18:07:04 Europe/Berlin] Error in get_available_dates.php: Unknown column 'IsAvailable' in 'field list'
[15-Jun-2025 18:08:31 Europe/Berlin] Error in get_available_dates.php: Unknown column 'IsAvailable' in 'field list'
[15-Jun-2025 18:08:32 Europe/Berlin] Error in get_available_dates.php: Unknown column 'IsAvailable' in 'field list'
[15-Jun-2025 18:10:44 Europe/Berlin] Error in get_available_dates.php: Unknown column 'IsAvailable' in 'field list'
[15-Jun-2025 18:10:45 Europe/Berlin] Error in get_available_dates.php: Unknown column 'IsAvailable' in 'field list'
[15-Jun-2025 18:19:45 Europe/Berlin] Error in get_available_dates.php: Unknown column 'IsAvailable' in 'field list'
[15-Jun-2025 18:19:46 Europe/Berlin] Error in get_available_dates.php: Unknown column 'IsAvailable' in 'field list'
[15-Jun-2025 18:19:51 Europe/Berlin] Error in get_available_dates.php: Unknown column 'IsAvailable' in 'field list'
[15-Jun-2025 18:22:49 Europe/Berlin] Error in get_available_dates.php: Unknown column 'IsAvailable' in 'field list'
[15-Jun-2025 18:22:50 Europe/Berlin] Error in get_available_dates.php: Unknown column 'IsAvailable' in 'field list'
[15-Jun-2025 18:24:39 Europe/Berlin] Error in get_available_dates.php: Unknown column 'IsAvailable' in 'field list'
[15-Jun-2025 18:24:40 Europe/Berlin] Error in get_available_dates.php: Unknown column 'IsAvailable' in 'field list'
[15-Jun-2025 18:27:22 Europe/Berlin] Error in get_available_dates.php: Unknown column 'IsAvailable' in 'field list'
[15-Jun-2025 18:27:32 Europe/Berlin] Error in get_available_dates.php: Unknown column 'IsAvailable' in 'field list'
[15-Jun-2025 18:27:33 Europe/Berlin] Error in get_available_dates.php: Unknown column 'IsAvailable' in 'field list'
[15-Jun-2025 18:30:59 Europe/Berlin] Error in get_available_dates.php: Unknown column 'start_time' in 'field list'
[15-Jun-2025 18:31:00 Europe/Berlin] Error in get_available_dates.php: Unknown column 'start_time' in 'field list'
